<?xml version="1.0" encoding="UTF-8"?>
<!-- Generated by org.testng.reporters.JUnitReportReporter -->
<testsuite hostname="DESKTOP-K6C3JQO" failures="0" tests="2" name="com.testng.prac.TC_004_Dataprovider" time="46.430" errors="0" timestamp="2024-01-21T12:43:39 IST" skipped="0">
  <testcase classname="com.testng.prac.TC_004_Dataprovider" name="login" time="13.418"/>
  <testcase classname="com.testng.prac.TC_004_Dataprovider" name="login" time="33.012"/>
</testsuite> <!-- com.testng.prac.TC_004_Dataprovider -->
