<?xml version="1.0" encoding="UTF-8"?>
<!-- Generated by org.testng.reporters.JUnitReportReporter -->
<testsuite hostname="DESKTOP-13EDC9F" failures="0" tests="1" name="com.testng.prac.TC_002_OrangeHRM_PIM_Parameters" time="21.894" errors="0" timestamp="2024-02-05T20:00:59 IST" skipped="0">
  <testcase classname="com.testng.prac.TC_002_OrangeHRM_PIM_Parameters" name="PIM" time="21.894"/>
</testsuite> <!-- com.testng.prac.TC_002_OrangeHRM_PIM_Parameters -->
