<?xml version="1.0" encoding="UTF-8"?>
<!-- Generated by org.testng.reporters.JUnitReportReporter -->
<testsuite hostname="DESKTOP-K6C3JQO" failures="0" tests="1" name="com.testng.prac.TC003_OptionalAnnotation" time="26.023" errors="0" timestamp="2024-01-21T11:17:24 IST" skipped="0">
  <testcase classname="com.testng.prac.TC003_OptionalAnnotation" name="openBrowser" time="26.023"/>
</testsuite> <!-- com.testng.prac.TC003_OptionalAnnotation -->
