<?xml version="1.0" encoding="UTF-8"?>
<!-- Generated by org.testng.reporters.JUnitReportReporter -->
<testsuite hostname="DESKTOP-K6C3JQO" failures="0" tests="2" name="com.testng.TC_002_AddToCartRemove" time="22.776" errors="0" timestamp="2024-01-20T16:08:30 IST" skipped="0">
  <testcase classname="com.testng.TC_002_AddToCartRemove" name="addToCart" time="10.205"/>
  <testcase classname="com.testng.TC_002_AddToCartRemove" name="removeFromCart" time="12.571"/>
</testsuite> <!-- com.testng.TC_002_AddToCartRemove -->
