<?xml version="1.0" encoding="UTF-8"?>
<!-- Generated by org.testng.reporters.JUnitReportReporter -->
<testsuite hostname="DESKTOP-K6C3JQO" failures="0" tests="1" name="com.testng.ReadTestData" time="1.253" errors="0" timestamp="2024-01-22T11:25:35 IST" skipped="0">
  <testcase classname="com.testng.ReadTestData" name="readData" time="1.253"/>
</testsuite> <!-- com.testng.ReadTestData -->
