<?xml version="1.0" encoding="UTF-8"?>
<!-- Generated by org.testng.reporters.JUnitReportReporter -->
<testsuite hostname="DESKTOP-K6C3JQO" failures="0" tests="1" name="com.testng.TC_001_RemoveFromCart" time="16.773" errors="0" timestamp="2023-09-15T13:08:15 IST" skipped="0">
  <testcase classname="com.testng.TC_001_RemoveFromCart" name="removeFromCart" time="16.773"/>
</testsuite> <!-- com.testng.TC_001_RemoveFromCart -->
