<?xml version="1.0" encoding="UTF-8"?>
<!-- Generated by org.testng.reporters.JUnitReportReporter -->
<testsuite hostname="DESKTOP-K6C3JQO" failures="0" tests="1" name="com.framework.testscripts.TC_002_AddRemoveCart" time="21.321" errors="0" timestamp="2023-09-18T11:14:16 IST" skipped="0">
  <testcase classname="com.framework.testscripts.TC_002_AddRemoveCart" name="addRemove" time="21.321"/>
</testsuite> <!-- com.framework.testscripts.TC_002_AddRemoveCart -->
