<?xml version="1.0" encoding="UTF-8"?>
<!-- Generated by org.testng.reporters.JUnitReportReporter -->
<testsuite hostname="DESKTOP-K6C3JQO" failures="0" tests="2" name="com.testng.prac.TC_005_Dataprovider1" time="53.949" errors="0" timestamp="2024-01-21T19:07:09 IST" skipped="0">
  <testcase classname="com.testng.prac.TC_005_Dataprovider1" name="PIM" time="22.195"/>
  <testcase classname="com.testng.prac.TC_005_Dataprovider1" name="PIM" time="31.754"/>
</testsuite> <!-- com.testng.prac.TC_005_Dataprovider1 -->
