<?xml version="1.0" encoding="UTF-8"?>
<!-- Generated by org.testng.reporters.JUnitReportReporter -->
<testsuite hostname="DESKTOP-K6C3JQO" failures="0" tests="1" name="com.framework.testscripts.SL_HomePage_allAC" time="66.043" errors="0" timestamp="2024-01-29T16:04:25 IST" skipped="0">
  <testcase classname="com.framework.testscripts.SL_HomePage_allAC" name="slHomePageAllProdAC" time="66.043"/>
</testsuite> <!-- com.framework.testscripts.SL_HomePage_allAC -->
