<?xml version="1.0" encoding="UTF-8"?>
<!-- Generated by org.testng.reporters.JUnitReportReporter -->
<testsuite hostname="DESKTOP-13EDC9F" failures="0" tests="3" name="com.testng.TC_005_Dataprovider" time="15.598" errors="0" timestamp="2024-02-07T18:21:30 IST" skipped="0">
  <testcase classname="com.testng.TC_005_Dataprovider" name="login" time="4.680"/>
  <testcase classname="com.testng.TC_005_Dataprovider" name="login" time="4.842"/>
  <testcase classname="com.testng.TC_005_Dataprovider" name="login" time="6.076"/>
</testsuite> <!-- com.testng.TC_005_Dataprovider -->
