<?xml version="1.0" encoding="UTF-8"?>
<!-- Generated by org.testng.reporters.JUnitReportReporter -->
<testsuite hostname="DESKTOP-K6C3JQO" failures="0" tests="1" name="com.testng.TC_004_OptionalAnnotation" time="32.119" errors="0" timestamp="2023-09-15T18:04:07 IST" skipped="0">
  <testcase classname="com.testng.TC_004_OptionalAnnotation" name="openBrowser" time="32.119"/>
</testsuite> <!-- com.testng.TC_004_OptionalAnnotation -->
