<?xml version="1.0" encoding="UTF-8"?>
<!-- Generated by org.testng.reporters.JUnitReportReporter -->
<testsuite hostname="DESKTOP-13EDC9F" failures="0" tests="2" name="com.framework.testscripts.SL_FullTransaction" time="128.864" errors="0" timestamp="2024-02-05T19:31:40 IST" skipped="0">
  <testcase classname="com.framework.testscripts.SL_FullTransaction" name="slFullTransaction" time="65.141"/>
  <testcase classname="com.framework.testscripts.SL_FullTransaction" name="slFullTransaction" time="63.723"/>
</testsuite> <!-- com.framework.testscripts.SL_FullTransaction -->
