<?xml version="1.0" encoding="UTF-8"?>
<!-- Generated by org.testng.reporters.JUnitReportReporter -->
<testsuite hostname="DESKTOP-13EDC9F" failures="0" tests="1" name="com.framework.leafScripts.TC_005_DragDrop" time="6.974" errors="0" timestamp="2024-02-06T11:05:37 IST" skipped="0">
  <testcase classname="com.framework.leafScripts.TC_005_DragDrop" name="tc_005_DragDrop" time="6.974"/>
</testsuite> <!-- com.framework.leafScripts.TC_005_DragDrop -->
