<?xml version="1.0" encoding="UTF-8"?>
<!-- Generated by org.testng.reporters.JUnitReportReporter -->
<testsuite hostname="DESKTOP-K6C3JQO" failures="0" tests="1" name="com.testng.prac.ReadExcelData1" time="4.366" errors="0" timestamp="2024-01-22T13:55:38 IST" skipped="0">
  <testcase classname="com.testng.prac.ReadExcelData1" name="excelDataRead" time="4.366"/>
</testsuite> <!-- com.testng.prac.ReadExcelData1 -->
