<?xml version="1.0" encoding="UTF-8"?>
<!-- Generated by org.testng.reporters.JUnitReportReporter -->
<testsuite hostname="DESKTOP-K6C3JQO" failures="0" tests="1" name="com.framework.leafScripts.TC_002_Leaf_AlertSimple" time="9.683" errors="0" timestamp="2024-02-03T15:56:25 IST" skipped="0">
  <testcase classname="com.framework.leafScripts.TC_002_Leaf_AlertSimple" name="tc_002_Leaf_AlertSimple" time="9.683"/>
</testsuite> <!-- com.framework.leafScripts.TC_002_Leaf_AlertSimple -->
