<?xml version="1.0" encoding="UTF-8"?>
<!-- Generated by org.testng.reporters.JUnitReportReporter -->
<testsuite hostname="DESKTOP-13EDC9F" failures="0" tests="1" name="com.framework.leafScripts.TC_004_Leaf_SelectTool" time="9.390" errors="0" timestamp="2024-02-05T21:19:16 IST" skipped="0">
  <testcase classname="com.framework.leafScripts.TC_004_Leaf_SelectTool" name="tc_004_Leaf_SelectTool" time="9.390"/>
</testsuite> <!-- com.framework.leafScripts.TC_004_Leaf_SelectTool -->
