<?xml version="1.0" encoding="UTF-8"?>
<!-- Generated by org.testng.reporters.JUnitReportReporter -->
<testsuite hostname="DESKTOP-13EDC9F" failures="0" tests="1" name="com.testng.ReadTestData" time="1.238" errors="0" timestamp="2024-02-07T18:19:14 IST" skipped="0">
  <testcase classname="com.testng.ReadTestData" name="readData" time="1.238"/>
</testsuite> <!-- com.testng.ReadTestData -->
