<?xml version="1.0" encoding="UTF-8"?>
<!-- Generated by org.testng.reporters.JUnitReportReporter -->
<testsuite hostname="DESKTOP-K6C3JQO" failures="0" tests="1" name="com.framework.leafScripts.TC_001_Leaf_WinHandle" time="31.761" errors="0" timestamp="2024-02-03T12:38:45 IST" skipped="0">
  <testcase classname="com.framework.leafScripts.TC_001_Leaf_WinHandle" name="TC_001_Leaf_WinHandle" time="31.761"/>
</testsuite> <!-- com.framework.leafScripts.TC_001_Leaf_WinHandle -->
