<?xml version="1.0" encoding="UTF-8"?>
<!-- Generated by org.testng.reporters.JUnitReportReporter -->
<testsuite hostname="DESKTOP-K6C3JQO" failures="0" tests="2" name="com.testng.TC_001_AddToCartRemove" time="18.254" errors="0" timestamp="2023-09-15T12:38:45 IST" skipped="0">
  <testcase classname="com.testng.TC_001_AddToCartRemove" name="removeFromCart" time="9.830"/>
  <testcase classname="com.testng.TC_001_AddToCartRemove" name="addToCart" time="8.424"/>
</testsuite> <!-- com.testng.TC_001_AddToCartRemove -->
