<?xml version="1.0" encoding="UTF-8"?>
<!-- Generated by org.testng.reporters.JUnitReportReporter -->
<testsuite hostname="DESKTOP-K6C3JQO" failures="0" tests="2" name="com.testng.TC_003_ParametersAddToCart" time="41.451" errors="0" timestamp="2024-01-21T10:32:52 IST" skipped="0">
  <testcase classname="com.testng.TC_003_ParametersAddToCart" name="addToCart" time="24.036"/>
  <testcase classname="com.testng.TC_003_ParametersAddToCart" name="addToCart" time="17.415"/>
</testsuite> <!-- com.testng.TC_003_ParametersAddToCart -->
