<?xml version="1.0" encoding="UTF-8"?>
<!-- Generated by org.testng.reporters.JUnitReportReporter -->
<testsuite hostname="DESKTOP-K6C3JQO" failures="0" tests="2" name="com.testng.TC_001_AddToCart" time="17.358" errors="0" timestamp="2023-09-15T12:35:37 IST" skipped="0">
  <testcase classname="com.testng.TC_001_AddToCart" name="addToCart" time="10.131"/>
  <testcase classname="com.testng.TC_001_AddToCart" name="removeFromCart" time="7.227"/>
</testsuite> <!-- com.testng.TC_001_AddToCart -->
