<?xml version="1.0" encoding="UTF-8"?>
<!-- Generated by org.testng.reporters.JUnitReportReporter -->
<testsuite hostname="DESKTOP-K6C3JQO" failures="0" tests="3" name="com.testng.TC_005_Dataprovider" time="16.955" errors="0" timestamp="2023-09-15T20:10:42 IST" skipped="0">
  <testcase classname="com.testng.TC_005_Dataprovider" name="login" time="6.922"/>
  <testcase classname="com.testng.TC_005_Dataprovider" name="login" time="5.371"/>
  <testcase classname="com.testng.TC_005_Dataprovider" name="login" time="4.662"/>
</testsuite> <!-- com.testng.TC_005_Dataprovider -->
