<?xml version="1.0" encoding="UTF-8"?>
<!-- Generated by org.testng.reporters.JUnitReportReporter -->
<testsuite hostname="DESKTOP-13EDC9F" failures="0" tests="6" name="com.testng.ExtentReport" time="0.082" errors="0" timestamp="2024-02-07T17:34:27 IST" skipped="0">
  <testcase classname="com.testng.ExtentReport" name="f1" time="0.028"/>
  <testcase classname="com.testng.ExtentReport" name="f5" time="0.006"/>
  <testcase classname="com.testng.ExtentReport" name="f6" time="0.012"/>
  <testcase classname="com.testng.ExtentReport" name="f3" time="0.010"/>
  <testcase classname="com.testng.ExtentReport" name="f4" time="0.003"/>
  <testcase classname="com.testng.ExtentReport" name="f2" time="0.023"/>
</testsuite> <!-- com.testng.ExtentReport -->
