<?xml version="1.0" encoding="UTF-8"?>
<!-- Generated by org.testng.reporters.JUnitReportReporter -->
<testsuite hostname="DESKTOP-K6C3JQO" failures="0" tests="1" name="com.testng.prac.ReadExcelData" time="5.468" errors="0" timestamp="2024-01-24T10:04:19 IST" skipped="0">
  <testcase classname="com.testng.prac.ReadExcelData" name="readData" time="5.468"/>
</testsuite> <!-- com.testng.prac.ReadExcelData -->
