<?xml version="1.0" encoding="UTF-8"?>
<!-- Generated by org.testng.reporters.JUnitReportReporter -->
<testsuite hostname="DESKTOP-13EDC9F" failures="0" tests="2" name="com.framework.testscripts.TC_001_AddRemoveCart" time="15.295" errors="0" timestamp="2024-02-05T21:05:02 IST" skipped="0">
  <testcase classname="com.framework.testscripts.TC_001_AddRemoveCart" name="addRemove" time="7.002"/>
  <testcase classname="com.framework.testscripts.TC_001_AddRemoveCart" name="addRemove" time="8.293"/>
</testsuite> <!-- com.framework.testscripts.TC_001_AddRemoveCart -->
