<?xml version="1.0" encoding="UTF-8"?>
<!-- Generated by org.testng.reporters.JUnitReportReporter -->
<testsuite hostname="DESKTOP-13EDC9F" failures="0" tests="1" name="com.framework.leafScripts.TC_003_Leaf_FrameInside" time="5.945" errors="0" timestamp="2024-02-05T21:17:45 IST" skipped="0">
  <testcase classname="com.framework.leafScripts.TC_003_Leaf_FrameInside" name="tc_003_Leaf_FrameInside" time="5.945"/>
</testsuite> <!-- com.framework.leafScripts.TC_003_Leaf_FrameInside -->
