<?xml version="1.0" encoding="UTF-8"?>
<!-- Generated by org.testng.reporters.JUnitReportReporter -->
<testsuite hostname="DESKTOP-K6C3JQO" failures="0" tests="1" name="com.alight.testscripts.TC_001_NewhireEnroll" time="82.340" errors="0" timestamp="2024-01-25T10:52:01 IST" skipped="0">
  <testcase classname="com.alight.testscripts.TC_001_NewhireEnroll" name="newhireEnroll" time="82.340"/>
</testsuite> <!-- com.alight.testscripts.TC_001_NewhireEnroll -->
