<?xml version="1.0" encoding="UTF-8"?>
<!-- Generated by org.testng.reporters.JUnitReportReporter -->
<testsuite hostname="DESKTOP-K6C3JQO" failures="0" tests="2" name="com.framework.testscripts.TC_003_AddRemoveCart" time="22.156" errors="0" timestamp="2023-09-20T16:33:35 IST" skipped="0">
  <testcase classname="com.framework.testscripts.TC_003_AddRemoveCart" name="addRemove" time="12.908"/>
  <testcase classname="com.framework.testscripts.TC_003_AddRemoveCart" name="addRemove" time="9.248"/>
</testsuite> <!-- com.framework.testscripts.TC_003_AddRemoveCart -->
