<?xml version="1.0" encoding="UTF-8"?>
<!-- Generated by org.testng.reporters.JUnitReportReporter -->
<testsuite hostname="DESKTOP-K6C3JQO" failures="0" tests="1" name="com.cucumber.TestRunner" time="195.182" errors="0" timestamp="2024-01-28T17:00:38 IST" skipped="0">
  <testcase classname="com.cucumber.TestRunner" name="runScenario" time="195.182"/>
</testsuite> <!-- com.cucumber.TestRunner -->
